<?xml version="1.0" encoding="UTF-8"?>
<!-- Generated by org.testng.reporters.JUnitReportReporter -->
<testsuite skipped="0" hostname="DESKTOP-28OLCG3" name="testcases.FlipkartClasswork" tests="1" failures="0" timestamp="30 Dec 2018 13:18:44 GMT" time="44.308" errors="0">
  <testcase name="flipkartwrk" time="44.308" classname="testcases.FlipkartClasswork"/>
</testsuite> <!-- testcases.FlipkartClasswork -->
