<?xml version="1.0" encoding="UTF-8"?>
<!-- Generated by org.testng.reporters.JUnitReportReporter -->
<testsuite skipped="0" hostname="DESKTOP-28OLCG3" name="testcases.TC001_LoginAndLogout" tests="2" failures="0" timestamp="29 Dec 2018 09:57:26 GMT" time="51.796" errors="0">
  <testcase name="login" time="24.541" classname="testcases.TC001_LoginAndLogout"/>
  <testcase name="login" time="27.255" classname="testcases.TC001_LoginAndLogout"/>
</testsuite> <!-- testcases.TC001_LoginAndLogout -->
